TN:
SF:/home/jks/Cpp_Vector/headers/vector_cpp.h
FN:37,45,_ZN6VectorIiEC2ESt16initializer_listIiE
FN:47,51,_ZN6VectorIiEC2Em
FN:62,62,_ZN6VectorIiED2Ev
FN:64,66,_ZNK6VectorIiE4sizeEv
FNDA:1,_ZN6VectorIiEC2ESt16initializer_listIiE
FNDA:1,_ZN6VectorIiEC2Em
FNDA:2,_ZN6VectorIiED2Ev
FNDA:2,_ZNK6VectorIiE4sizeEv
FNF:4
FNH:4
BRDA:40,0,0,1
BRDA:40,0,1,0
BRDA:42,0,0,3
BRDA:42,0,1,1
BRDA:50,0,0,1
BRDA:50,0,1,0
BRDA:62,0,0,2
BRDA:62,0,1,0
BRF:8
BRH:5
DA:37,1
DA:38,1
DA:39,1
DA:40,1
DA:41,1
DA:42,4
DA:43,3
DA:45,1
DA:47,1
DA:48,1
DA:49,1
DA:50,1
DA:51,1
DA:62,2
DA:64,2
DA:65,2
LF:16
LH:16
end_of_record
